[29-Oct-2012 16:21:25 UTC] PHP Warning:  Invalid argument supplied for foreach() in /Library/WebServer/www/supraportal/supraportal-site/supra7/src/webroot/cms/lib/supra/lessphp/lessc.inc.php on line 282
[29-Oct-2012 16:21:25 UTC] PHP Warning:  Invalid argument supplied for foreach() in /Library/WebServer/www/supraportal/supraportal-site/supra7/src/webroot/cms/lib/supra/lessphp/lessc.inc.php on line 291
[29-Oct-2012 16:21:25 UTC] PHP Notice:  Trying to get property of non-object in /Library/WebServer/www/supraportal/supraportal-site/supra7/src/webroot/cms/lib/supra/lessphp/lessc.inc.php on line 167
[29-Oct-2012 16:21:25 UTC] PHP Notice:  Trying to get property of non-object in /Library/WebServer/www/supraportal/supraportal-site/supra7/src/webroot/cms/lib/supra/lessphp/lessc.inc.php on line 2240
[29-Oct-2012 16:21:25 UTC] PHP Notice:  Trying to get property of non-object in /Library/WebServer/www/supraportal/supraportal-site/supra7/src/webroot/cms/lib/supra/lessphp/lessc.inc.php on line 1036
[29-Oct-2012 16:21:25 UTC] PHP Notice:  Trying to get property of non-object in /Library/WebServer/www/supraportal/supraportal-site/supra7/src/webroot/cms/lib/supra/lessphp/lessc.inc.php on line 1046
[29-Oct-2012 16:21:25 UTC] PHP Notice:  Trying to get property of non-object in /Library/WebServer/www/supraportal/supraportal-site/supra7/src/webroot/cms/lib/supra/lessphp/lessc.inc.php on line 985
[29-Oct-2012 16:21:25 UTC] PHP Warning:  Invalid argument supplied for foreach() in /Library/WebServer/www/supraportal/supraportal-site/supra7/src/webroot/cms/lib/supra/lessphp/lessc.inc.php on line 985
[29-Oct-2012 16:21:25 UTC] PHP Strict Standards:  Creating default object from empty value in /Library/WebServer/www/supraportal/supraportal-site/supra7/src/webroot/cms/lib/supra/lessphp/lessc.inc.php on line 1010
[29-Oct-2012 16:21:25 UTC] PHP Notice:  Trying to get property of non-object in /Library/WebServer/www/supraportal/supraportal-site/supra7/src/webroot/cms/lib/supra/lessphp/lessc.inc.php on line 1055
[29-Oct-2012 16:21:25 UTC] PHP Warning:  Invalid argument supplied for foreach() in /Library/WebServer/www/supraportal/supraportal-site/supra7/src/webroot/cms/lib/supra/lessphp/lessc.inc.php on line 1055
[29-Oct-2012 16:21:25 UTC] PHP Strict Standards:  Creating default object from empty value in /Library/WebServer/www/supraportal/supraportal-site/supra7/src/webroot/cms/lib/supra/lessphp/lessc.inc.php on line 1059
[29-Oct-2012 16:21:25 UTC] PHP Warning:  Invalid argument supplied for foreach() in /Library/WebServer/www/supraportal/supraportal-site/supra7/src/webroot/cms/lib/supra/lessphp/lessc.inc.php on line 282
[29-Oct-2012 16:21:25 UTC] PHP Warning:  Invalid argument supplied for foreach() in /Library/WebServer/www/supraportal/supraportal-site/supra7/src/webroot/cms/lib/supra/lessphp/lessc.inc.php on line 291
[29-Oct-2012 16:21:25 UTC] PHP Notice:  Trying to get property of non-object in /Library/WebServer/www/supraportal/supraportal-site/supra7/src/webroot/cms/lib/supra/lessphp/lessc.inc.php on line 167
[29-Oct-2012 16:21:25 UTC] PHP Notice:  Trying to get property of non-object in /Library/WebServer/www/supraportal/supraportal-site/supra7/src/webroot/cms/lib/supra/lessphp/lessc.inc.php on line 2240
[29-Oct-2012 16:21:25 UTC] PHP Notice:  Trying to get property of non-object in /Library/WebServer/www/supraportal/supraportal-site/supra7/src/webroot/cms/lib/supra/lessphp/lessc.inc.php on line 1036
[29-Oct-2012 16:21:25 UTC] PHP Notice:  Trying to get property of non-object in /Library/WebServer/www/supraportal/supraportal-site/supra7/src/webroot/cms/lib/supra/lessphp/lessc.inc.php on line 1046
[29-Oct-2012 16:21:25 UTC] PHP Notice:  Trying to get property of non-object in /Library/WebServer/www/supraportal/supraportal-site/supra7/src/webroot/cms/lib/supra/lessphp/lessc.inc.php on line 985
[29-Oct-2012 16:21:25 UTC] PHP Warning:  Invalid argument supplied for foreach() in /Library/WebServer/www/supraportal/supraportal-site/supra7/src/webroot/cms/lib/supra/lessphp/lessc.inc.php on line 985
[29-Oct-2012 16:21:25 UTC] PHP Strict Standards:  Creating default object from empty value in /Library/WebServer/www/supraportal/supraportal-site/supra7/src/webroot/cms/lib/supra/lessphp/lessc.inc.php on line 1010
[29-Oct-2012 16:21:25 UTC] PHP Notice:  Trying to get property of non-object in /Library/WebServer/www/supraportal/supraportal-site/supra7/src/webroot/cms/lib/supra/lessphp/lessc.inc.php on line 1055
[29-Oct-2012 16:21:25 UTC] PHP Warning:  Invalid argument supplied for foreach() in /Library/WebServer/www/supraportal/supraportal-site/supra7/src/webroot/cms/lib/supra/lessphp/lessc.inc.php on line 1055
[29-Oct-2012 16:21:25 UTC] PHP Strict Standards:  Creating default object from empty value in /Library/WebServer/www/supraportal/supraportal-site/supra7/src/webroot/cms/lib/supra/lessphp/lessc.inc.php on line 1059
[29-Oct-2012 16:42:11 UTC] PHP Warning:  Invalid argument supplied for foreach() in /Library/WebServer/www/supraportal/supraportal-site/supra7/src/webroot/cms/lib/supra/lessphp/lessc.inc.php on line 282
[29-Oct-2012 16:42:11 UTC] PHP Warning:  Invalid argument supplied for foreach() in /Library/WebServer/www/supraportal/supraportal-site/supra7/src/webroot/cms/lib/supra/lessphp/lessc.inc.php on line 291
[29-Oct-2012 16:42:11 UTC] PHP Notice:  Trying to get property of non-object in /Library/WebServer/www/supraportal/supraportal-site/supra7/src/webroot/cms/lib/supra/lessphp/lessc.inc.php on line 167
[29-Oct-2012 16:42:11 UTC] PHP Notice:  Trying to get property of non-object in /Library/WebServer/www/supraportal/supraportal-site/supra7/src/webroot/cms/lib/supra/lessphp/lessc.inc.php on line 2240
[29-Oct-2012 16:42:11 UTC] PHP Notice:  Trying to get property of non-object in /Library/WebServer/www/supraportal/supraportal-site/supra7/src/webroot/cms/lib/supra/lessphp/lessc.inc.php on line 1036
[29-Oct-2012 16:42:11 UTC] PHP Notice:  Trying to get property of non-object in /Library/WebServer/www/supraportal/supraportal-site/supra7/src/webroot/cms/lib/supra/lessphp/lessc.inc.php on line 1046
[29-Oct-2012 16:42:11 UTC] PHP Notice:  Trying to get property of non-object in /Library/WebServer/www/supraportal/supraportal-site/supra7/src/webroot/cms/lib/supra/lessphp/lessc.inc.php on line 985
[29-Oct-2012 16:42:11 UTC] PHP Warning:  Invalid argument supplied for foreach() in /Library/WebServer/www/supraportal/supraportal-site/supra7/src/webroot/cms/lib/supra/lessphp/lessc.inc.php on line 985
[29-Oct-2012 16:42:11 UTC] PHP Strict Standards:  Creating default object from empty value in /Library/WebServer/www/supraportal/supraportal-site/supra7/src/webroot/cms/lib/supra/lessphp/lessc.inc.php on line 1010
[29-Oct-2012 16:42:11 UTC] PHP Notice:  Trying to get property of non-object in /Library/WebServer/www/supraportal/supraportal-site/supra7/src/webroot/cms/lib/supra/lessphp/lessc.inc.php on line 1055
[29-Oct-2012 16:42:11 UTC] PHP Warning:  Invalid argument supplied for foreach() in /Library/WebServer/www/supraportal/supraportal-site/supra7/src/webroot/cms/lib/supra/lessphp/lessc.inc.php on line 1055
[29-Oct-2012 16:42:11 UTC] PHP Strict Standards:  Creating default object from empty value in /Library/WebServer/www/supraportal/supraportal-site/supra7/src/webroot/cms/lib/supra/lessphp/lessc.inc.php on line 1059
[09-Nov-2012 11:11:47 UTC] PHP Warning:  Invalid argument supplied for foreach() in /Library/WebServer/www/supraportal/supraportal-site/supra7/src/webroot/cms/lib/supra/lessphp/lessc.inc.php on line 282
[09-Nov-2012 11:11:47 UTC] PHP Warning:  Invalid argument supplied for foreach() in /Library/WebServer/www/supraportal/supraportal-site/supra7/src/webroot/cms/lib/supra/lessphp/lessc.inc.php on line 291
[09-Nov-2012 11:11:47 UTC] PHP Notice:  Trying to get property of non-object in /Library/WebServer/www/supraportal/supraportal-site/supra7/src/webroot/cms/lib/supra/lessphp/lessc.inc.php on line 167
[09-Nov-2012 11:11:47 UTC] PHP Notice:  Trying to get property of non-object in /Library/WebServer/www/supraportal/supraportal-site/supra7/src/webroot/cms/lib/supra/lessphp/lessc.inc.php on line 2240
[09-Nov-2012 11:11:47 UTC] PHP Notice:  Trying to get property of non-object in /Library/WebServer/www/supraportal/supraportal-site/supra7/src/webroot/cms/lib/supra/lessphp/lessc.inc.php on line 1036
[09-Nov-2012 11:11:47 UTC] PHP Notice:  Trying to get property of non-object in /Library/WebServer/www/supraportal/supraportal-site/supra7/src/webroot/cms/lib/supra/lessphp/lessc.inc.php on line 1046
[09-Nov-2012 11:11:47 UTC] PHP Notice:  Trying to get property of non-object in /Library/WebServer/www/supraportal/supraportal-site/supra7/src/webroot/cms/lib/supra/lessphp/lessc.inc.php on line 985
[09-Nov-2012 11:11:47 UTC] PHP Warning:  Invalid argument supplied for foreach() in /Library/WebServer/www/supraportal/supraportal-site/supra7/src/webroot/cms/lib/supra/lessphp/lessc.inc.php on line 985
[09-Nov-2012 11:11:47 UTC] PHP Strict Standards:  Creating default object from empty value in /Library/WebServer/www/supraportal/supraportal-site/supra7/src/webroot/cms/lib/supra/lessphp/lessc.inc.php on line 1010
[09-Nov-2012 11:11:47 UTC] PHP Notice:  Trying to get property of non-object in /Library/WebServer/www/supraportal/supraportal-site/supra7/src/webroot/cms/lib/supra/lessphp/lessc.inc.php on line 1055
[09-Nov-2012 11:11:47 UTC] PHP Warning:  Invalid argument supplied for foreach() in /Library/WebServer/www/supraportal/supraportal-site/supra7/src/webroot/cms/lib/supra/lessphp/lessc.inc.php on line 1055
[09-Nov-2012 11:11:47 UTC] PHP Strict Standards:  Creating default object from empty value in /Library/WebServer/www/supraportal/supraportal-site/supra7/src/webroot/cms/lib/supra/lessphp/lessc.inc.php on line 1059
[09-Nov-2012 15:43:52 UTC] PHP Warning:  Invalid argument supplied for foreach() in /Library/WebServer/www/supraportal/supraportal-site/supra7/src/webroot/cms/lib/supra/lessphp/lessc.inc.php on line 282
[09-Nov-2012 15:43:52 UTC] PHP Warning:  Invalid argument supplied for foreach() in /Library/WebServer/www/supraportal/supraportal-site/supra7/src/webroot/cms/lib/supra/lessphp/lessc.inc.php on line 291
[09-Nov-2012 15:43:52 UTC] PHP Notice:  Trying to get property of non-object in /Library/WebServer/www/supraportal/supraportal-site/supra7/src/webroot/cms/lib/supra/lessphp/lessc.inc.php on line 167
[09-Nov-2012 15:43:52 UTC] PHP Notice:  Trying to get property of non-object in /Library/WebServer/www/supraportal/supraportal-site/supra7/src/webroot/cms/lib/supra/lessphp/lessc.inc.php on line 2240
[09-Nov-2012 15:43:52 UTC] PHP Notice:  Trying to get property of non-object in /Library/WebServer/www/supraportal/supraportal-site/supra7/src/webroot/cms/lib/supra/lessphp/lessc.inc.php on line 1036
[09-Nov-2012 15:43:52 UTC] PHP Notice:  Trying to get property of non-object in /Library/WebServer/www/supraportal/supraportal-site/supra7/src/webroot/cms/lib/supra/lessphp/lessc.inc.php on line 1046
[09-Nov-2012 15:43:52 UTC] PHP Notice:  Trying to get property of non-object in /Library/WebServer/www/supraportal/supraportal-site/supra7/src/webroot/cms/lib/supra/lessphp/lessc.inc.php on line 985
[09-Nov-2012 15:43:52 UTC] PHP Warning:  Invalid argument supplied for foreach() in /Library/WebServer/www/supraportal/supraportal-site/supra7/src/webroot/cms/lib/supra/lessphp/lessc.inc.php on line 985
[09-Nov-2012 15:43:52 UTC] PHP Strict Standards:  Creating default object from empty value in /Library/WebServer/www/supraportal/supraportal-site/supra7/src/webroot/cms/lib/supra/lessphp/lessc.inc.php on line 1010
[09-Nov-2012 15:43:52 UTC] PHP Notice:  Trying to get property of non-object in /Library/WebServer/www/supraportal/supraportal-site/supra7/src/webroot/cms/lib/supra/lessphp/lessc.inc.php on line 1055
[09-Nov-2012 15:43:52 UTC] PHP Warning:  Invalid argument supplied for foreach() in /Library/WebServer/www/supraportal/supraportal-site/supra7/src/webroot/cms/lib/supra/lessphp/lessc.inc.php on line 1055
[09-Nov-2012 15:43:52 UTC] PHP Strict Standards:  Creating default object from empty value in /Library/WebServer/www/supraportal/supraportal-site/supra7/src/webroot/cms/lib/supra/lessphp/lessc.inc.php on line 1059
[09-Nov-2012 16:00:22 UTC] PHP Warning:  Invalid argument supplied for foreach() in /Library/WebServer/www/supraportal/supraportal-site/supra7/src/webroot/cms/lib/supra/lessphp/lessc.inc.php on line 282
[09-Nov-2012 16:00:22 UTC] PHP Warning:  Invalid argument supplied for foreach() in /Library/WebServer/www/supraportal/supraportal-site/supra7/src/webroot/cms/lib/supra/lessphp/lessc.inc.php on line 291
[09-Nov-2012 16:00:22 UTC] PHP Notice:  Trying to get property of non-object in /Library/WebServer/www/supraportal/supraportal-site/supra7/src/webroot/cms/lib/supra/lessphp/lessc.inc.php on line 167
[09-Nov-2012 16:00:22 UTC] PHP Notice:  Trying to get property of non-object in /Library/WebServer/www/supraportal/supraportal-site/supra7/src/webroot/cms/lib/supra/lessphp/lessc.inc.php on line 2240
[09-Nov-2012 16:00:22 UTC] PHP Notice:  Trying to get property of non-object in /Library/WebServer/www/supraportal/supraportal-site/supra7/src/webroot/cms/lib/supra/lessphp/lessc.inc.php on line 1036
[09-Nov-2012 16:00:22 UTC] PHP Notice:  Trying to get property of non-object in /Library/WebServer/www/supraportal/supraportal-site/supra7/src/webroot/cms/lib/supra/lessphp/lessc.inc.php on line 1046
[09-Nov-2012 16:00:22 UTC] PHP Notice:  Trying to get property of non-object in /Library/WebServer/www/supraportal/supraportal-site/supra7/src/webroot/cms/lib/supra/lessphp/lessc.inc.php on line 985
[09-Nov-2012 16:00:22 UTC] PHP Warning:  Invalid argument supplied for foreach() in /Library/WebServer/www/supraportal/supraportal-site/supra7/src/webroot/cms/lib/supra/lessphp/lessc.inc.php on line 985
[09-Nov-2012 16:00:22 UTC] PHP Strict Standards:  Creating default object from empty value in /Library/WebServer/www/supraportal/supraportal-site/supra7/src/webroot/cms/lib/supra/lessphp/lessc.inc.php on line 1010
[09-Nov-2012 16:00:22 UTC] PHP Notice:  Trying to get property of non-object in /Library/WebServer/www/supraportal/supraportal-site/supra7/src/webroot/cms/lib/supra/lessphp/lessc.inc.php on line 1055
[09-Nov-2012 16:00:22 UTC] PHP Warning:  Invalid argument supplied for foreach() in /Library/WebServer/www/supraportal/supraportal-site/supra7/src/webroot/cms/lib/supra/lessphp/lessc.inc.php on line 1055
[09-Nov-2012 16:00:22 UTC] PHP Strict Standards:  Creating default object from empty value in /Library/WebServer/www/supraportal/supraportal-site/supra7/src/webroot/cms/lib/supra/lessphp/lessc.inc.php on line 1059
[09-Nov-2012 16:03:01 UTC] PHP Warning:  Invalid argument supplied for foreach() in /Library/WebServer/www/supraportal/supraportal-site/supra7/src/webroot/cms/lib/supra/lessphp/lessc.inc.php on line 282
[09-Nov-2012 16:03:01 UTC] PHP Warning:  Invalid argument supplied for foreach() in /Library/WebServer/www/supraportal/supraportal-site/supra7/src/webroot/cms/lib/supra/lessphp/lessc.inc.php on line 291
[09-Nov-2012 16:03:01 UTC] PHP Notice:  Trying to get property of non-object in /Library/WebServer/www/supraportal/supraportal-site/supra7/src/webroot/cms/lib/supra/lessphp/lessc.inc.php on line 167
[09-Nov-2012 16:03:01 UTC] PHP Notice:  Trying to get property of non-object in /Library/WebServer/www/supraportal/supraportal-site/supra7/src/webroot/cms/lib/supra/lessphp/lessc.inc.php on line 2240
[09-Nov-2012 16:03:01 UTC] PHP Notice:  Trying to get property of non-object in /Library/WebServer/www/supraportal/supraportal-site/supra7/src/webroot/cms/lib/supra/lessphp/lessc.inc.php on line 1036
[09-Nov-2012 16:03:01 UTC] PHP Notice:  Trying to get property of non-object in /Library/WebServer/www/supraportal/supraportal-site/supra7/src/webroot/cms/lib/supra/lessphp/lessc.inc.php on line 1046
[09-Nov-2012 16:03:01 UTC] PHP Notice:  Trying to get property of non-object in /Library/WebServer/www/supraportal/supraportal-site/supra7/src/webroot/cms/lib/supra/lessphp/lessc.inc.php on line 985
[09-Nov-2012 16:03:01 UTC] PHP Warning:  Invalid argument supplied for foreach() in /Library/WebServer/www/supraportal/supraportal-site/supra7/src/webroot/cms/lib/supra/lessphp/lessc.inc.php on line 985
[09-Nov-2012 16:03:01 UTC] PHP Strict Standards:  Creating default object from empty value in /Library/WebServer/www/supraportal/supraportal-site/supra7/src/webroot/cms/lib/supra/lessphp/lessc.inc.php on line 1010
[09-Nov-2012 16:03:01 UTC] PHP Notice:  Trying to get property of non-object in /Library/WebServer/www/supraportal/supraportal-site/supra7/src/webroot/cms/lib/supra/lessphp/lessc.inc.php on line 1055
[09-Nov-2012 16:03:01 UTC] PHP Warning:  Invalid argument supplied for foreach() in /Library/WebServer/www/supraportal/supraportal-site/supra7/src/webroot/cms/lib/supra/lessphp/lessc.inc.php on line 1055
[09-Nov-2012 16:03:01 UTC] PHP Strict Standards:  Creating default object from empty value in /Library/WebServer/www/supraportal/supraportal-site/supra7/src/webroot/cms/lib/supra/lessphp/lessc.inc.php on line 1059
[09-Nov-2012 16:03:24 UTC] PHP Warning:  Invalid argument supplied for foreach() in /Library/WebServer/www/supraportal/supraportal-site/supra7/src/webroot/cms/lib/supra/lessphp/lessc.inc.php on line 282
[09-Nov-2012 16:03:24 UTC] PHP Warning:  Invalid argument supplied for foreach() in /Library/WebServer/www/supraportal/supraportal-site/supra7/src/webroot/cms/lib/supra/lessphp/lessc.inc.php on line 291
[09-Nov-2012 16:03:24 UTC] PHP Notice:  Trying to get property of non-object in /Library/WebServer/www/supraportal/supraportal-site/supra7/src/webroot/cms/lib/supra/lessphp/lessc.inc.php on line 167
[09-Nov-2012 16:03:24 UTC] PHP Notice:  Trying to get property of non-object in /Library/WebServer/www/supraportal/supraportal-site/supra7/src/webroot/cms/lib/supra/lessphp/lessc.inc.php on line 2240
[09-Nov-2012 16:03:24 UTC] PHP Notice:  Trying to get property of non-object in /Library/WebServer/www/supraportal/supraportal-site/supra7/src/webroot/cms/lib/supra/lessphp/lessc.inc.php on line 1036
[09-Nov-2012 16:03:24 UTC] PHP Notice:  Trying to get property of non-object in /Library/WebServer/www/supraportal/supraportal-site/supra7/src/webroot/cms/lib/supra/lessphp/lessc.inc.php on line 1046
[09-Nov-2012 16:03:24 UTC] PHP Notice:  Trying to get property of non-object in /Library/WebServer/www/supraportal/supraportal-site/supra7/src/webroot/cms/lib/supra/lessphp/lessc.inc.php on line 985
[09-Nov-2012 16:03:24 UTC] PHP Warning:  Invalid argument supplied for foreach() in /Library/WebServer/www/supraportal/supraportal-site/supra7/src/webroot/cms/lib/supra/lessphp/lessc.inc.php on line 985
[09-Nov-2012 16:03:24 UTC] PHP Strict Standards:  Creating default object from empty value in /Library/WebServer/www/supraportal/supraportal-site/supra7/src/webroot/cms/lib/supra/lessphp/lessc.inc.php on line 1010
[09-Nov-2012 16:03:24 UTC] PHP Notice:  Trying to get property of non-object in /Library/WebServer/www/supraportal/supraportal-site/supra7/src/webroot/cms/lib/supra/lessphp/lessc.inc.php on line 1055
[09-Nov-2012 16:03:24 UTC] PHP Warning:  Invalid argument supplied for foreach() in /Library/WebServer/www/supraportal/supraportal-site/supra7/src/webroot/cms/lib/supra/lessphp/lessc.inc.php on line 1055
[09-Nov-2012 16:03:24 UTC] PHP Strict Standards:  Creating default object from empty value in /Library/WebServer/www/supraportal/supraportal-site/supra7/src/webroot/cms/lib/supra/lessphp/lessc.inc.php on line 1059
[09-Nov-2012 16:03:55 UTC] PHP Warning:  Invalid argument supplied for foreach() in /Library/WebServer/www/supraportal/supraportal-site/supra7/src/webroot/cms/lib/supra/lessphp/lessc.inc.php on line 282
[09-Nov-2012 16:03:55 UTC] PHP Warning:  Invalid argument supplied for foreach() in /Library/WebServer/www/supraportal/supraportal-site/supra7/src/webroot/cms/lib/supra/lessphp/lessc.inc.php on line 291
[09-Nov-2012 16:03:55 UTC] PHP Notice:  Trying to get property of non-object in /Library/WebServer/www/supraportal/supraportal-site/supra7/src/webroot/cms/lib/supra/lessphp/lessc.inc.php on line 167
[09-Nov-2012 16:03:55 UTC] PHP Notice:  Trying to get property of non-object in /Library/WebServer/www/supraportal/supraportal-site/supra7/src/webroot/cms/lib/supra/lessphp/lessc.inc.php on line 2240
[09-Nov-2012 16:03:55 UTC] PHP Notice:  Trying to get property of non-object in /Library/WebServer/www/supraportal/supraportal-site/supra7/src/webroot/cms/lib/supra/lessphp/lessc.inc.php on line 1036
[09-Nov-2012 16:03:55 UTC] PHP Notice:  Trying to get property of non-object in /Library/WebServer/www/supraportal/supraportal-site/supra7/src/webroot/cms/lib/supra/lessphp/lessc.inc.php on line 1046
[09-Nov-2012 16:03:55 UTC] PHP Notice:  Trying to get property of non-object in /Library/WebServer/www/supraportal/supraportal-site/supra7/src/webroot/cms/lib/supra/lessphp/lessc.inc.php on line 985
[09-Nov-2012 16:03:55 UTC] PHP Warning:  Invalid argument supplied for foreach() in /Library/WebServer/www/supraportal/supraportal-site/supra7/src/webroot/cms/lib/supra/lessphp/lessc.inc.php on line 985
[09-Nov-2012 16:03:55 UTC] PHP Strict Standards:  Creating default object from empty value in /Library/WebServer/www/supraportal/supraportal-site/supra7/src/webroot/cms/lib/supra/lessphp/lessc.inc.php on line 1010
[09-Nov-2012 16:03:55 UTC] PHP Notice:  Trying to get property of non-object in /Library/WebServer/www/supraportal/supraportal-site/supra7/src/webroot/cms/lib/supra/lessphp/lessc.inc.php on line 1055
[09-Nov-2012 16:03:55 UTC] PHP Warning:  Invalid argument supplied for foreach() in /Library/WebServer/www/supraportal/supraportal-site/supra7/src/webroot/cms/lib/supra/lessphp/lessc.inc.php on line 1055
[09-Nov-2012 16:03:55 UTC] PHP Strict Standards:  Creating default object from empty value in /Library/WebServer/www/supraportal/supraportal-site/supra7/src/webroot/cms/lib/supra/lessphp/lessc.inc.php on line 1059
[09-Nov-2012 16:12:39 UTC] PHP Warning:  Invalid argument supplied for foreach() in /Library/WebServer/www/supraportal/supraportal-site/supra7/src/webroot/cms/lib/supra/lessphp/lessc.inc.php on line 282
[09-Nov-2012 16:12:39 UTC] PHP Warning:  Invalid argument supplied for foreach() in /Library/WebServer/www/supraportal/supraportal-site/supra7/src/webroot/cms/lib/supra/lessphp/lessc.inc.php on line 291
[09-Nov-2012 16:12:39 UTC] PHP Notice:  Trying to get property of non-object in /Library/WebServer/www/supraportal/supraportal-site/supra7/src/webroot/cms/lib/supra/lessphp/lessc.inc.php on line 167
[09-Nov-2012 16:12:39 UTC] PHP Notice:  Trying to get property of non-object in /Library/WebServer/www/supraportal/supraportal-site/supra7/src/webroot/cms/lib/supra/lessphp/lessc.inc.php on line 2240
[09-Nov-2012 16:12:39 UTC] PHP Notice:  Trying to get property of non-object in /Library/WebServer/www/supraportal/supraportal-site/supra7/src/webroot/cms/lib/supra/lessphp/lessc.inc.php on line 1036
[09-Nov-2012 16:12:39 UTC] PHP Notice:  Trying to get property of non-object in /Library/WebServer/www/supraportal/supraportal-site/supra7/src/webroot/cms/lib/supra/lessphp/lessc.inc.php on line 1046
[09-Nov-2012 16:12:39 UTC] PHP Notice:  Trying to get property of non-object in /Library/WebServer/www/supraportal/supraportal-site/supra7/src/webroot/cms/lib/supra/lessphp/lessc.inc.php on line 985
[09-Nov-2012 16:12:39 UTC] PHP Warning:  Invalid argument supplied for foreach() in /Library/WebServer/www/supraportal/supraportal-site/supra7/src/webroot/cms/lib/supra/lessphp/lessc.inc.php on line 985
[09-Nov-2012 16:12:39 UTC] PHP Strict Standards:  Creating default object from empty value in /Library/WebServer/www/supraportal/supraportal-site/supra7/src/webroot/cms/lib/supra/lessphp/lessc.inc.php on line 1010
[09-Nov-2012 16:12:39 UTC] PHP Notice:  Trying to get property of non-object in /Library/WebServer/www/supraportal/supraportal-site/supra7/src/webroot/cms/lib/supra/lessphp/lessc.inc.php on line 1055
[09-Nov-2012 16:12:39 UTC] PHP Warning:  Invalid argument supplied for foreach() in /Library/WebServer/www/supraportal/supraportal-site/supra7/src/webroot/cms/lib/supra/lessphp/lessc.inc.php on line 1055
[09-Nov-2012 16:12:39 UTC] PHP Strict Standards:  Creating default object from empty value in /Library/WebServer/www/supraportal/supraportal-site/supra7/src/webroot/cms/lib/supra/lessphp/lessc.inc.php on line 1059
[09-Nov-2012 16:13:54 UTC] PHP Warning:  Invalid argument supplied for foreach() in /Library/WebServer/www/supraportal/supraportal-site/supra7/src/webroot/cms/lib/supra/lessphp/lessc.inc.php on line 282
[09-Nov-2012 16:13:54 UTC] PHP Warning:  Invalid argument supplied for foreach() in /Library/WebServer/www/supraportal/supraportal-site/supra7/src/webroot/cms/lib/supra/lessphp/lessc.inc.php on line 291
[09-Nov-2012 16:13:54 UTC] PHP Notice:  Trying to get property of non-object in /Library/WebServer/www/supraportal/supraportal-site/supra7/src/webroot/cms/lib/supra/lessphp/lessc.inc.php on line 167
[09-Nov-2012 16:13:54 UTC] PHP Notice:  Trying to get property of non-object in /Library/WebServer/www/supraportal/supraportal-site/supra7/src/webroot/cms/lib/supra/lessphp/lessc.inc.php on line 2240
[09-Nov-2012 16:13:54 UTC] PHP Notice:  Trying to get property of non-object in /Library/WebServer/www/supraportal/supraportal-site/supra7/src/webroot/cms/lib/supra/lessphp/lessc.inc.php on line 1036
[09-Nov-2012 16:13:54 UTC] PHP Notice:  Trying to get property of non-object in /Library/WebServer/www/supraportal/supraportal-site/supra7/src/webroot/cms/lib/supra/lessphp/lessc.inc.php on line 1046
[09-Nov-2012 16:13:54 UTC] PHP Notice:  Trying to get property of non-object in /Library/WebServer/www/supraportal/supraportal-site/supra7/src/webroot/cms/lib/supra/lessphp/lessc.inc.php on line 985
[09-Nov-2012 16:13:54 UTC] PHP Warning:  Invalid argument supplied for foreach() in /Library/WebServer/www/supraportal/supraportal-site/supra7/src/webroot/cms/lib/supra/lessphp/lessc.inc.php on line 985
[09-Nov-2012 16:13:54 UTC] PHP Strict Standards:  Creating default object from empty value in /Library/WebServer/www/supraportal/supraportal-site/supra7/src/webroot/cms/lib/supra/lessphp/lessc.inc.php on line 1010
[09-Nov-2012 16:13:54 UTC] PHP Notice:  Trying to get property of non-object in /Library/WebServer/www/supraportal/supraportal-site/supra7/src/webroot/cms/lib/supra/lessphp/lessc.inc.php on line 1055
[09-Nov-2012 16:13:54 UTC] PHP Warning:  Invalid argument supplied for foreach() in /Library/WebServer/www/supraportal/supraportal-site/supra7/src/webroot/cms/lib/supra/lessphp/lessc.inc.php on line 1055
[09-Nov-2012 16:13:54 UTC] PHP Strict Standards:  Creating default object from empty value in /Library/WebServer/www/supraportal/supraportal-site/supra7/src/webroot/cms/lib/supra/lessphp/lessc.inc.php on line 1059
[09-Nov-2012 16:25:41 UTC] PHP Warning:  Invalid argument supplied for foreach() in /Library/WebServer/www/supraportal/supraportal-site/supra7/src/webroot/cms/lib/supra/lessphp/lessc.inc.php on line 282
[09-Nov-2012 16:25:41 UTC] PHP Warning:  Invalid argument supplied for foreach() in /Library/WebServer/www/supraportal/supraportal-site/supra7/src/webroot/cms/lib/supra/lessphp/lessc.inc.php on line 291
[09-Nov-2012 16:25:41 UTC] PHP Notice:  Trying to get property of non-object in /Library/WebServer/www/supraportal/supraportal-site/supra7/src/webroot/cms/lib/supra/lessphp/lessc.inc.php on line 167
[09-Nov-2012 16:25:41 UTC] PHP Notice:  Trying to get property of non-object in /Library/WebServer/www/supraportal/supraportal-site/supra7/src/webroot/cms/lib/supra/lessphp/lessc.inc.php on line 2240
[09-Nov-2012 16:25:41 UTC] PHP Notice:  Trying to get property of non-object in /Library/WebServer/www/supraportal/supraportal-site/supra7/src/webroot/cms/lib/supra/lessphp/lessc.inc.php on line 1036
[09-Nov-2012 16:25:41 UTC] PHP Notice:  Trying to get property of non-object in /Library/WebServer/www/supraportal/supraportal-site/supra7/src/webroot/cms/lib/supra/lessphp/lessc.inc.php on line 1046
[09-Nov-2012 16:25:41 UTC] PHP Notice:  Trying to get property of non-object in /Library/WebServer/www/supraportal/supraportal-site/supra7/src/webroot/cms/lib/supra/lessphp/lessc.inc.php on line 985
[09-Nov-2012 16:25:41 UTC] PHP Warning:  Invalid argument supplied for foreach() in /Library/WebServer/www/supraportal/supraportal-site/supra7/src/webroot/cms/lib/supra/lessphp/lessc.inc.php on line 985
[09-Nov-2012 16:25:41 UTC] PHP Strict Standards:  Creating default object from empty value in /Library/WebServer/www/supraportal/supraportal-site/supra7/src/webroot/cms/lib/supra/lessphp/lessc.inc.php on line 1010
[09-Nov-2012 16:25:41 UTC] PHP Notice:  Trying to get property of non-object in /Library/WebServer/www/supraportal/supraportal-site/supra7/src/webroot/cms/lib/supra/lessphp/lessc.inc.php on line 1055
[09-Nov-2012 16:25:41 UTC] PHP Warning:  Invalid argument supplied for foreach() in /Library/WebServer/www/supraportal/supraportal-site/supra7/src/webroot/cms/lib/supra/lessphp/lessc.inc.php on line 1055
[09-Nov-2012 16:25:41 UTC] PHP Strict Standards:  Creating default object from empty value in /Library/WebServer/www/supraportal/supraportal-site/supra7/src/webroot/cms/lib/supra/lessphp/lessc.inc.php on line 1059
[09-Nov-2012 16:26:15 UTC] PHP Warning:  Invalid argument supplied for foreach() in /Library/WebServer/www/supraportal/supraportal-site/supra7/src/webroot/cms/lib/supra/lessphp/lessc.inc.php on line 282
[09-Nov-2012 16:26:15 UTC] PHP Warning:  Invalid argument supplied for foreach() in /Library/WebServer/www/supraportal/supraportal-site/supra7/src/webroot/cms/lib/supra/lessphp/lessc.inc.php on line 291
[09-Nov-2012 16:26:15 UTC] PHP Notice:  Trying to get property of non-object in /Library/WebServer/www/supraportal/supraportal-site/supra7/src/webroot/cms/lib/supra/lessphp/lessc.inc.php on line 167
[09-Nov-2012 16:26:15 UTC] PHP Notice:  Trying to get property of non-object in /Library/WebServer/www/supraportal/supraportal-site/supra7/src/webroot/cms/lib/supra/lessphp/lessc.inc.php on line 2240
[09-Nov-2012 16:26:15 UTC] PHP Notice:  Trying to get property of non-object in /Library/WebServer/www/supraportal/supraportal-site/supra7/src/webroot/cms/lib/supra/lessphp/lessc.inc.php on line 1036
[09-Nov-2012 16:26:15 UTC] PHP Notice:  Trying to get property of non-object in /Library/WebServer/www/supraportal/supraportal-site/supra7/src/webroot/cms/lib/supra/lessphp/lessc.inc.php on line 1046
[09-Nov-2012 16:26:15 UTC] PHP Notice:  Trying to get property of non-object in /Library/WebServer/www/supraportal/supraportal-site/supra7/src/webroot/cms/lib/supra/lessphp/lessc.inc.php on line 985
[09-Nov-2012 16:26:15 UTC] PHP Warning:  Invalid argument supplied for foreach() in /Library/WebServer/www/supraportal/supraportal-site/supra7/src/webroot/cms/lib/supra/lessphp/lessc.inc.php on line 985
[09-Nov-2012 16:26:15 UTC] PHP Strict Standards:  Creating default object from empty value in /Library/WebServer/www/supraportal/supraportal-site/supra7/src/webroot/cms/lib/supra/lessphp/lessc.inc.php on line 1010
[09-Nov-2012 16:26:15 UTC] PHP Notice:  Trying to get property of non-object in /Library/WebServer/www/supraportal/supraportal-site/supra7/src/webroot/cms/lib/supra/lessphp/lessc.inc.php on line 1055
[09-Nov-2012 16:26:15 UTC] PHP Warning:  Invalid argument supplied for foreach() in /Library/WebServer/www/supraportal/supraportal-site/supra7/src/webroot/cms/lib/supra/lessphp/lessc.inc.php on line 1055
[09-Nov-2012 16:26:15 UTC] PHP Strict Standards:  Creating default object from empty value in /Library/WebServer/www/supraportal/supraportal-site/supra7/src/webroot/cms/lib/supra/lessphp/lessc.inc.php on line 1059
[09-Nov-2012 16:28:29 UTC] PHP Warning:  Invalid argument supplied for foreach() in /Library/WebServer/www/supraportal/supraportal-site/supra7/src/webroot/cms/lib/supra/lessphp/lessc.inc.php on line 282
[09-Nov-2012 16:28:29 UTC] PHP Warning:  Invalid argument supplied for foreach() in /Library/WebServer/www/supraportal/supraportal-site/supra7/src/webroot/cms/lib/supra/lessphp/lessc.inc.php on line 291
[09-Nov-2012 16:28:29 UTC] PHP Notice:  Trying to get property of non-object in /Library/WebServer/www/supraportal/supraportal-site/supra7/src/webroot/cms/lib/supra/lessphp/lessc.inc.php on line 167
[09-Nov-2012 16:28:29 UTC] PHP Notice:  Trying to get property of non-object in /Library/WebServer/www/supraportal/supraportal-site/supra7/src/webroot/cms/lib/supra/lessphp/lessc.inc.php on line 2240
[09-Nov-2012 16:28:29 UTC] PHP Notice:  Trying to get property of non-object in /Library/WebServer/www/supraportal/supraportal-site/supra7/src/webroot/cms/lib/supra/lessphp/lessc.inc.php on line 1036
[09-Nov-2012 16:28:29 UTC] PHP Notice:  Trying to get property of non-object in /Library/WebServer/www/supraportal/supraportal-site/supra7/src/webroot/cms/lib/supra/lessphp/lessc.inc.php on line 1046
[09-Nov-2012 16:28:29 UTC] PHP Notice:  Trying to get property of non-object in /Library/WebServer/www/supraportal/supraportal-site/supra7/src/webroot/cms/lib/supra/lessphp/lessc.inc.php on line 985
[09-Nov-2012 16:28:29 UTC] PHP Warning:  Invalid argument supplied for foreach() in /Library/WebServer/www/supraportal/supraportal-site/supra7/src/webroot/cms/lib/supra/lessphp/lessc.inc.php on line 985
[09-Nov-2012 16:28:29 UTC] PHP Strict Standards:  Creating default object from empty value in /Library/WebServer/www/supraportal/supraportal-site/supra7/src/webroot/cms/lib/supra/lessphp/lessc.inc.php on line 1010
[09-Nov-2012 16:28:29 UTC] PHP Notice:  Trying to get property of non-object in /Library/WebServer/www/supraportal/supraportal-site/supra7/src/webroot/cms/lib/supra/lessphp/lessc.inc.php on line 1055
[09-Nov-2012 16:28:29 UTC] PHP Warning:  Invalid argument supplied for foreach() in /Library/WebServer/www/supraportal/supraportal-site/supra7/src/webroot/cms/lib/supra/lessphp/lessc.inc.php on line 1055
[09-Nov-2012 16:28:29 UTC] PHP Strict Standards:  Creating default object from empty value in /Library/WebServer/www/supraportal/supraportal-site/supra7/src/webroot/cms/lib/supra/lessphp/lessc.inc.php on line 1059
[12-Nov-2012 09:02:13 UTC] PHP Warning:  Invalid argument supplied for foreach() in /Library/WebServer/www/supraportal/supraportal-site/supra7/src/webroot/cms/lib/supra/lessphp/lessc.inc.php on line 282
[12-Nov-2012 09:02:13 UTC] PHP Warning:  Invalid argument supplied for foreach() in /Library/WebServer/www/supraportal/supraportal-site/supra7/src/webroot/cms/lib/supra/lessphp/lessc.inc.php on line 291
[12-Nov-2012 09:02:13 UTC] PHP Notice:  Trying to get property of non-object in /Library/WebServer/www/supraportal/supraportal-site/supra7/src/webroot/cms/lib/supra/lessphp/lessc.inc.php on line 167
[12-Nov-2012 09:02:13 UTC] PHP Notice:  Trying to get property of non-object in /Library/WebServer/www/supraportal/supraportal-site/supra7/src/webroot/cms/lib/supra/lessphp/lessc.inc.php on line 2240
[12-Nov-2012 09:02:13 UTC] PHP Notice:  Trying to get property of non-object in /Library/WebServer/www/supraportal/supraportal-site/supra7/src/webroot/cms/lib/supra/lessphp/lessc.inc.php on line 1036
[12-Nov-2012 09:02:13 UTC] PHP Notice:  Trying to get property of non-object in /Library/WebServer/www/supraportal/supraportal-site/supra7/src/webroot/cms/lib/supra/lessphp/lessc.inc.php on line 1046
[12-Nov-2012 09:02:13 UTC] PHP Notice:  Trying to get property of non-object in /Library/WebServer/www/supraportal/supraportal-site/supra7/src/webroot/cms/lib/supra/lessphp/lessc.inc.php on line 985
[12-Nov-2012 09:02:13 UTC] PHP Warning:  Invalid argument supplied for foreach() in /Library/WebServer/www/supraportal/supraportal-site/supra7/src/webroot/cms/lib/supra/lessphp/lessc.inc.php on line 985
[12-Nov-2012 09:02:13 UTC] PHP Strict Standards:  Creating default object from empty value in /Library/WebServer/www/supraportal/supraportal-site/supra7/src/webroot/cms/lib/supra/lessphp/lessc.inc.php on line 1010
[12-Nov-2012 09:02:13 UTC] PHP Notice:  Trying to get property of non-object in /Library/WebServer/www/supraportal/supraportal-site/supra7/src/webroot/cms/lib/supra/lessphp/lessc.inc.php on line 1055
[12-Nov-2012 09:02:13 UTC] PHP Warning:  Invalid argument supplied for foreach() in /Library/WebServer/www/supraportal/supraportal-site/supra7/src/webroot/cms/lib/supra/lessphp/lessc.inc.php on line 1055
[12-Nov-2012 09:02:13 UTC] PHP Strict Standards:  Creating default object from empty value in /Library/WebServer/www/supraportal/supraportal-site/supra7/src/webroot/cms/lib/supra/lessphp/lessc.inc.php on line 1059
[12-Nov-2012 16:33:37 UTC] PHP Warning:  Invalid argument supplied for foreach() in /Library/WebServer/www/supraportal/supraportal-site/supra7/src/webroot/cms/lib/supra/lessphp/lessc.inc.php on line 282
[12-Nov-2012 16:33:37 UTC] PHP Warning:  Invalid argument supplied for foreach() in /Library/WebServer/www/supraportal/supraportal-site/supra7/src/webroot/cms/lib/supra/lessphp/lessc.inc.php on line 291
[12-Nov-2012 16:33:37 UTC] PHP Notice:  Trying to get property of non-object in /Library/WebServer/www/supraportal/supraportal-site/supra7/src/webroot/cms/lib/supra/lessphp/lessc.inc.php on line 167
[12-Nov-2012 16:33:37 UTC] PHP Notice:  Trying to get property of non-object in /Library/WebServer/www/supraportal/supraportal-site/supra7/src/webroot/cms/lib/supra/lessphp/lessc.inc.php on line 2240
[12-Nov-2012 16:33:37 UTC] PHP Notice:  Trying to get property of non-object in /Library/WebServer/www/supraportal/supraportal-site/supra7/src/webroot/cms/lib/supra/lessphp/lessc.inc.php on line 1036
[12-Nov-2012 16:33:37 UTC] PHP Notice:  Trying to get property of non-object in /Library/WebServer/www/supraportal/supraportal-site/supra7/src/webroot/cms/lib/supra/lessphp/lessc.inc.php on line 1046
[12-Nov-2012 16:33:37 UTC] PHP Notice:  Trying to get property of non-object in /Library/WebServer/www/supraportal/supraportal-site/supra7/src/webroot/cms/lib/supra/lessphp/lessc.inc.php on line 985
[12-Nov-2012 16:33:37 UTC] PHP Warning:  Invalid argument supplied for foreach() in /Library/WebServer/www/supraportal/supraportal-site/supra7/src/webroot/cms/lib/supra/lessphp/lessc.inc.php on line 985
[12-Nov-2012 16:33:37 UTC] PHP Strict Standards:  Creating default object from empty value in /Library/WebServer/www/supraportal/supraportal-site/supra7/src/webroot/cms/lib/supra/lessphp/lessc.inc.php on line 1010
[12-Nov-2012 16:33:37 UTC] PHP Notice:  Trying to get property of non-object in /Library/WebServer/www/supraportal/supraportal-site/supra7/src/webroot/cms/lib/supra/lessphp/lessc.inc.php on line 1055
[12-Nov-2012 16:33:37 UTC] PHP Warning:  Invalid argument supplied for foreach() in /Library/WebServer/www/supraportal/supraportal-site/supra7/src/webroot/cms/lib/supra/lessphp/lessc.inc.php on line 1055
[12-Nov-2012 16:33:37 UTC] PHP Strict Standards:  Creating default object from empty value in /Library/WebServer/www/supraportal/supraportal-site/supra7/src/webroot/cms/lib/supra/lessphp/lessc.inc.php on line 1059
